# JRE version: Java(TM) SE Runtime Environment (8.0_261-b12) (build 1.8.0_261-b12)
# Java VM: Java HotSpot(TM) 64-Bit Server VM (25.261-b12 mixed mode windows-amd64 compressed oops)
Heap:
 PSYoungGen      total 222720K, used 104981K [0x00000000d6180000, 0x00000000e7f80000, 0x0000000100000000)
  eden space 207360K, 43% used [0x00000000d6180000,0x00000000db90ab20,0x00000000e2c00000)
  from space 15360K, 99% used [0x00000000e7080000,0x00000000e7f7a988,0x00000000e7f80000)
  to   space 18944K, 0% used [0x00000000e5a80000,0x00000000e5a80000,0x00000000e6d00000)
 ParOldGen       total 74752K, used 18935K [0x0000000082400000, 0x0000000086d00000, 0x00000000d6180000)
  object space 74752K, 25% used [0x0000000082400000,0x000000008367dd48,0x0000000086d00000)
 Metaspace       used 25723K, capacity 26342K, committed 26416K, reserved 1073152K
  class space    used 2906K, capacity 3102K, committed 3120K, reserved 1048576K
GC Heap History (10 events):
Event: 6.780 GC heap before
{Heap before GC invocations=5 (full 0):
 PSYoungGen      total 70656K, used 69687K [0x00000000d6180000, 0x00000000dab80000, 0x0000000100000000)
  eden space 65536K, 98% used [0x00000000d6180000,0x00000000da091d78,0x00000000da180000)
  from space 5120K, 99% used [0x00000000da680000,0x00000000dab7c010,0x00000000dab80000)
  to   space 5120K, 0% used [0x00000000da180000,0x00000000da180000,0x00000000da680000)
 ParOldGen       total 86016K, used 8957K [0x0000000082400000, 0x0000000087800000, 0x00000000d6180000)
  object space 86016K, 10% used [0x0000000082400000,0x0000000082cbf550,0x0000000087800000)
 Metaspace       used 17314K, capacity 17768K, committed 18048K, reserved 1064960K
  class space    used 1987K, capacity 2122K, committed 2176K, reserved 1048576K
Event: 6.838 GC heap after
Heap after GC invocations=5 (full 0):
 PSYoungGen      total 70656K, used 5104K [0x00000000d6180000, 0x00000000e0180000, 0x0000000100000000)
  eden space 65536K, 0% used [0x00000000d6180000,0x00000000d6180000,0x00000000da180000)
  from space 5120K, 99% used [0x00000000da180000,0x00000000da67c010,0x00000000da680000)
  to   space 16384K, 0% used [0x00000000df180000,0x00000000df180000,0x00000000e0180000)
 ParOldGen       total 86016K, used 20850K [0x0000000082400000, 0x0000000087800000, 0x00000000d6180000)
  object space 86016K, 24% used [0x0000000082400000,0x000000008385c9b0,0x0000000087800000)
 Metaspace       used 17314K, capacity 17768K, committed 18048K, reserved 1064960K
  class space    used 1987K, capacity 2122K, committed 2176K, reserved 1048576K
}
Event: 7.458 GC heap before
{Heap before GC invocations=6 (full 0):
 PSYoungGen      total 70656K, used 70640K [0x00000000d6180000, 0x00000000e0180000, 0x0000000100000000)
  eden space 65536K, 100% used [0x00000000d6180000,0x00000000da180000,0x00000000da180000)
  from space 5120K, 99% used [0x00000000da180000,0x00000000da67c010,0x00000000da680000)
  to   space 16384K, 0% used [0x00000000df180000,0x00000000df180000,0x00000000e0180000)
 ParOldGen       total 86016K, used 20850K [0x0000000082400000, 0x0000000087800000, 0x00000000d6180000)
  object space 86016K, 24% used [0x0000000082400000,0x000000008385c9b0,0x0000000087800000)
 Metaspace       used 17545K, capacity 17966K, committed 18048K, reserved 1064960K
  class space    used 2001K, capacity 2124K, committed 2176K, reserved 1048576K
Event: 7.485 GC heap after
Heap after GC invocations=6 (full 0):
 PSYoungGen      total 146432K, used 6680K [0x00000000d6180000, 0x00000000e0080000, 0x0000000100000000)
  eden space 131072K, 0% used [0x00000000d6180000,0x00000000d6180000,0x00000000de180000)
  from space 15360K, 43% used [0x00000000df180000,0x00000000df806128,0x00000000e0080000)
  to   space 15872K, 0% used [0x00000000de180000,0x00000000de180000,0x00000000df100000)
 ParOldGen       total 86016K, used 32378K [0x0000000082400000, 0x0000000087800000, 0x00000000d6180000)
  object space 86016K, 37% used [0x0000000082400000,0x000000008439e9c0,0x0000000087800000)
 Metaspace       used 17545K, capacity 17966K, committed 18048K, reserved 1064960K
  class space    used 2001K, capacity 2124K, committed 2176K, reserved 1048576K
}
Event: 8.031 GC heap before
{Heap before GC invocations=7 (full 0):
 PSYoungGen      total 146432K, used 25122K [0x00000000d6180000, 0x00000000e0080000, 0x0000000100000000)
  eden space 131072K, 14% used [0x00000000d6180000,0x00000000d7382708,0x00000000de180000)
  from space 15360K, 43% used [0x00000000df180000,0x00000000df806128,0x00000000e0080000)
  to   space 15872K, 0% used [0x00000000de180000,0x00000000de180000,0x00000000df100000)
 ParOldGen       total 86016K, used 32378K [0x0000000082400000, 0x0000000087800000, 0x00000000d6180000)
  object space 86016K, 37% used [0x0000000082400000,0x000000008439e9c0,0x0000000087800000)
 Metaspace       used 20743K, capacity 21256K, committed 21296K, reserved 1069056K
  class space    used 2443K, capacity 2586K, committed 2608K, reserved 1048576K
Event: 8.057 GC heap after
Heap after GC invocations=7 (full 0):
 PSYoungGen      total 146944K, used 6752K [0x00000000d6180000, 0x00000000e7f80000, 0x0000000100000000)
  eden space 131072K, 0% used [0x00000000d6180000,0x00000000d6180000,0x00000000de180000)
  from space 15872K, 42% used [0x00000000de180000,0x00000000de818038,0x00000000df100000)
  to   space 15360K, 0% used [0x00000000e7080000,0x00000000e7080000,0x00000000e7f80000)
 ParOldGen       total 86016K, used 33764K [0x0000000082400000, 0x0000000087800000, 0x00000000d6180000)
  object space 86016K, 39% used [0x0000000082400000,0x00000000844f9240,0x0000000087800000)
 Metaspace       used 20743K, capacity 21256K, committed 21296K, reserved 1069056K
  class space    used 2443K, capacity 2586K, committed 2608K, reserved 1048576K
}
Event: 8.057 GC heap before
{Heap before GC invocations=8 (full 1):
 PSYoungGen      total 146944K, used 6752K [0x00000000d6180000, 0x00000000e7f80000, 0x0000000100000000)
  eden space 131072K, 0% used [0x00000000d6180000,0x00000000d6180000,0x00000000de180000)
  from space 15872K, 42% used [0x00000000de180000,0x00000000de818038,0x00000000df100000)
  to   space 15360K, 0% used [0x00000000e7080000,0x00000000e7080000,0x00000000e7f80000)
 ParOldGen       total 86016K, used 33764K [0x0000000082400000, 0x0000000087800000, 0x00000000d6180000)
  object space 86016K, 39% used [0x0000000082400000,0x00000000844f9240,0x0000000087800000)
 Metaspace       used 20743K, capacity 21256K, committed 21296K, reserved 1069056K
  class space    used 2443K, capacity 2586K, committed 2608K, reserved 1048576K
Event: 8.208 GC heap after
Heap after GC invocations=8 (full 1):
 PSYoungGen      total 146944K, used 0K [0x00000000d6180000, 0x00000000e7f80000, 0x0000000100000000)
  eden space 131072K, 0% used [0x00000000d6180000,0x00000000d6180000,0x00000000de180000)
  from space 15872K, 0% used [0x00000000de180000,0x00000000de180000,0x00000000df100000)
  to   space 15360K, 0% used [0x00000000e7080000,0x00000000e7080000,0x00000000e7f80000)
 ParOldGen       total 74752K, used 15791K [0x0000000082400000, 0x0000000086d00000, 0x00000000d6180000)
  object space 74752K, 21% used [0x0000000082400000,0x000000008336bf38,0x0000000086d00000)
 Metaspace       used 20743K, capacity 21256K, committed 21296K, reserved 1069056K
  class space    used 2443K, capacity 2586K, committed 2608K, reserved 1048576K
}
Event: 11.326 GC heap before
{Heap before GC invocations=9 (full 1):
 PSYoungGen      total 146944K, used 131037K [0x00000000d6180000, 0x00000000e7f80000, 0x0000000100000000)
  eden space 131072K, 99% used [0x00000000d6180000,0x00000000de177640,0x00000000de180000)
  from space 15872K, 0% used [0x00000000de180000,0x00000000de180000,0x00000000df100000)
  to   space 15360K, 0% used [0x00000000e7080000,0x00000000e7080000,0x00000000e7f80000)
 ParOldGen       total 74752K, used 15791K [0x0000000082400000, 0x0000000086d00000, 0x00000000d6180000)
  object space 74752K, 21% used [0x0000000082400000,0x000000008336bf38,0x0000000086d00000)
 Metaspace       used 24054K, capacity 24616K, committed 24752K, reserved 1071104K
  class space    used 2741K, capacity 2874K, committed 2992K, reserved 1048576K
Event: 11.355 GC heap after
Heap after GC invocations=9 (full 1):
 PSYoungGen      total 222720K, used 15338K [0x00000000d6180000, 0x00000000e7f80000, 0x0000000100000000)
  eden space 207360K, 0% used [0x00000000d6180000,0x00000000d6180000,0x00000000e2c00000)
  from space 15360K, 99% used [0x00000000e7080000,0x00000000e7f7a988,0x00000000e7f80000)
  to   space 18944K, 0% used [0x00000000e5a80000,0x00000000e5a80000,0x00000000e6d00000)
 ParOldGen       total 74752K, used 18935K [0x0000000082400000, 0x0000000086d00000, 0x00000000d6180000)
  object space 74752K, 25% used [0x0000000082400000,0x000000008367dd48,0x0000000086d00000)
 Metaspace       used 24054K, capacity 24616K, committed 24752K, reserved 1071104K
  class space    used 2741K, capacity 2874K, committed 2992K, reserved 1048576K
}

